<?xml version="1.0" encoding="UTF-8"?>
<robot generator="Robot trunk 20130614 (Jython 2.5.2 on java1.7.0_25)" generated="20131011 00:44:37.556">
<suite source="C:\Documents and Settings\sumit\Desktop\sikuli\28\RF RnD\reference-test-working-as-desired\testsuite" id="s1" name="Testsuite">
<suite source="C:\Documents and Settings\sumit\Desktop\sikuli\28\RF RnD\reference-test-working-as-desired\testsuite\parent" id="s1-s1" name="Parent">
<suite source="C:\Documents and Settings\sumit\Desktop\sikuli\28\RF RnD\reference-test-working-as-desired\testsuite\parent\FirstSuite.txt" id="s1-s1-s1" name="FirstSuite">
<test id="s1-s1-s1-t1" name="Test Case 1">
<kw type="kw" name="TestAction1.Execute">
<doc></doc>
<arguments>
</arguments>
<msg timestamp="20131011 00:44:39.900" level="TRACE">Arguments: [  ]</msg>
<msg timestamp="20131011 00:44:41.722" level="INFO">[log] TYPE "this is a reference test example"</msg>
<msg timestamp="20131011 00:44:41.732" level="TRACE">Return: None</msg>
<status status="PASS" endtime="20131011 00:44:41.732" starttime="20131011 00:44:39.900"></status>
</kw>
<doc></doc>
<tags>
</tags>
<status status="PASS" critical="yes" endtime="20131011 00:44:41.742" starttime="20131011 00:44:39.839"></status>
</test>
<doc></doc>
<metadata>
</metadata>
<status status="PASS" endtime="20131011 00:44:41.762" starttime="20131011 00:44:38.187"></status>
</suite>
<suite source="C:\Documents and Settings\sumit\Desktop\sikuli\28\RF RnD\reference-test-working-as-desired\testsuite\parent\hhh" id="s1-s1-s2" name="Hhh">
<suite source="C:\Documents and Settings\sumit\Desktop\sikuli\28\RF RnD\reference-test-working-as-desired\testsuite\parent\hhh\ThirdSuite.txt" id="s1-s1-s2-s1" name="ThirdSuite">
<test id="s1-s1-s2-s1-t1" name="Test Case 1">
<kw type="kw" name="anotheraction.Execute">
<doc></doc>
<arguments>
</arguments>
<msg timestamp="20131011 00:44:41.952" level="TRACE">Arguments: [  ]</msg>
<msg timestamp="20131011 00:44:46.289" level="INFO">[log] TYPE "5 "
[log] TYPE "4 "
[log] TYPE "3 "
[log] TYPE "2 "
[log] TYPE "1 "
[log] TYPE "0 "
[log] TYPE " boom"</msg>
<msg timestamp="20131011 00:44:46.289" level="TRACE">Return: None</msg>
<status status="PASS" endtime="20131011 00:44:46.289" starttime="20131011 00:44:41.952"></status>
</kw>
<doc></doc>
<tags>
</tags>
<status status="PASS" critical="yes" endtime="20131011 00:44:46.289" starttime="20131011 00:44:41.942"></status>
</test>
<doc></doc>
<metadata>
</metadata>
<status status="PASS" endtime="20131011 00:44:46.319" starttime="20131011 00:44:41.852"></status>
</suite>
<doc></doc>
<metadata>
</metadata>
<status status="PASS" endtime="20131011 00:44:46.369" starttime="20131011 00:44:41.802"></status>
</suite>
<suite source="C:\Documents and Settings\sumit\Desktop\sikuli\28\RF RnD\reference-test-working-as-desired\testsuite\parent\kane" id="s1-s1-s3" name="Kane">
<suite source="C:\Documents and Settings\sumit\Desktop\sikuli\28\RF RnD\reference-test-working-as-desired\testsuite\parent\kane\SecondSuite.txt" id="s1-s1-s3-s1" name="SecondSuite">
<test id="s1-s1-s3-s1-t1" name="Test Case 1">
<kw type="kw" name="2ndcase1staction.Execute">
<doc></doc>
<arguments>
</arguments>
<msg timestamp="20131011 00:44:46.579" level="TRACE">Arguments: [  ]</msg>
<msg timestamp="20131011 00:44:49.183" level="INFO">[log] TYPE "case changed"</msg>
<msg timestamp="20131011 00:44:49.183" level="TRACE">Return: None</msg>
<status status="PASS" endtime="20131011 00:44:49.183" starttime="20131011 00:44:46.579"></status>
</kw>
<doc></doc>
<tags>
</tags>
<status status="PASS" critical="yes" endtime="20131011 00:44:49.183" starttime="20131011 00:44:46.569"></status>
</test>
<doc></doc>
<metadata>
</metadata>
<status status="PASS" endtime="20131011 00:44:49.203" starttime="20131011 00:44:46.489"></status>
</suite>
<doc></doc>
<metadata>
</metadata>
<status status="PASS" endtime="20131011 00:44:49.263" starttime="20131011 00:44:46.419"></status>
</suite>
<doc></doc>
<metadata>
</metadata>
<status status="PASS" endtime="20131011 00:44:49.323" starttime="20131011 00:44:38.147"></status>
</suite>
<doc></doc>
<metadata>
</metadata>
<status status="PASS" endtime="20131011 00:44:49.393" starttime="20131011 00:44:37.556"></status>
</suite>
<statistics>
<total>
<stat pass="3" fail="0">Critical Tests</stat>
<stat pass="3" fail="0">All Tests</stat>
</total>
<tag>
</tag>
<suite>
<stat pass="3" id="s1" fail="0" name="Testsuite">Testsuite</stat>
<stat pass="3" id="s1-s1" fail="0" name="Parent">Testsuite.Parent</stat>
<stat pass="1" id="s1-s1-s1" fail="0" name="FirstSuite">Testsuite.Parent.FirstSuite</stat>
<stat pass="1" id="s1-s1-s2" fail="0" name="Hhh">Testsuite.Parent.Hhh</stat>
<stat pass="1" id="s1-s1-s2-s1" fail="0" name="ThirdSuite">Testsuite.Parent.Hhh.ThirdSuite</stat>
<stat pass="1" id="s1-s1-s3" fail="0" name="Kane">Testsuite.Parent.Kane</stat>
<stat pass="1" id="s1-s1-s3-s1" fail="0" name="SecondSuite">Testsuite.Parent.Kane.SecondSuite</stat>
</suite>
</statistics>
<errors>
</errors>
</robot>
